c:\users\aravind shanmugam\downloads\#mine#\game engineering\adv.game technologies\8503 release  2021\win32\debug\csc8503common.pdb
c:\users\aravind shanmugam\downloads\#mine#\game engineering\adv.game technologies\8503 release  2021\win32\debug\csc8503common.idb
c:\users\aravind shanmugam\downloads\#mine#\game engineering\adv.game technologies\8503 release  2021\csc8503\csc8503common\debug\transform.obj
c:\users\aravind shanmugam\downloads\#mine#\game engineering\adv.game technologies\8503 release  2021\csc8503\csc8503common\debug\statetransition.obj
c:\users\aravind shanmugam\downloads\#mine#\game engineering\adv.game technologies\8503 release  2021\csc8503\csc8503common\debug\statemachine.obj
c:\users\aravind shanmugam\downloads\#mine#\game engineering\adv.game technologies\8503 release  2021\csc8503\csc8503common\debug\renderobject.obj
c:\users\aravind shanmugam\downloads\#mine#\game engineering\adv.game technologies\8503 release  2021\csc8503\csc8503common\debug\quadtree.obj
c:\users\aravind shanmugam\downloads\#mine#\game engineering\adv.game technologies\8503 release  2021\csc8503\csc8503common\debug\pushdownstate.obj
c:\users\aravind shanmugam\downloads\#mine#\game engineering\adv.game technologies\8503 release  2021\csc8503\csc8503common\debug\pushdownmachine.obj
c:\users\aravind shanmugam\downloads\#mine#\game engineering\adv.game technologies\8503 release  2021\csc8503\csc8503common\debug\physicssystem.obj
c:\users\aravind shanmugam\downloads\#mine#\game engineering\adv.game technologies\8503 release  2021\csc8503\csc8503common\debug\physicsobject.obj
c:\users\aravind shanmugam\downloads\#mine#\game engineering\adv.game technologies\8503 release  2021\csc8503\csc8503common\debug\navigationmesh.obj
c:\users\aravind shanmugam\downloads\#mine#\game engineering\adv.game technologies\8503 release  2021\csc8503\csc8503common\debug\navigationgrid.obj
c:\users\aravind shanmugam\downloads\#mine#\game engineering\adv.game technologies\8503 release  2021\csc8503\csc8503common\debug\gameworld.obj
c:\users\aravind shanmugam\downloads\#mine#\game engineering\adv.game technologies\8503 release  2021\csc8503\csc8503common\debug\gameobject.obj
c:\users\aravind shanmugam\downloads\#mine#\game engineering\adv.game technologies\8503 release  2021\csc8503\csc8503common\debug\debug.obj
c:\users\aravind shanmugam\downloads\#mine#\game engineering\adv.game technologies\8503 release  2021\csc8503\csc8503common\debug\collisiondetection.obj
c:\users\aravind shanmugam\downloads\#mine#\game engineering\adv.game technologies\8503 release  2021\win32\debug\csc8503common.lib
c:\users\aravind shanmugam\downloads\#mine#\game engineering\adv.game technologies\8503 release  2021\csc8503\csc8503common\debug\csc8503common.tlog\cl.command.1.tlog
c:\users\aravind shanmugam\downloads\#mine#\game engineering\adv.game technologies\8503 release  2021\csc8503\csc8503common\debug\csc8503common.tlog\cl.read.1.tlog
c:\users\aravind shanmugam\downloads\#mine#\game engineering\adv.game technologies\8503 release  2021\csc8503\csc8503common\debug\csc8503common.tlog\cl.write.1.tlog
c:\users\aravind shanmugam\downloads\#mine#\game engineering\adv.game technologies\8503 release  2021\csc8503\csc8503common\debug\csc8503common.tlog\lib-link.read.1.tlog
c:\users\aravind shanmugam\downloads\#mine#\game engineering\adv.game technologies\8503 release  2021\csc8503\csc8503common\debug\csc8503common.tlog\lib-link.write.1.tlog
c:\users\aravind shanmugam\downloads\#mine#\game engineering\adv.game technologies\8503 release  2021\csc8503\csc8503common\debug\csc8503common.tlog\lib.command.1.tlog
